Build started 2016-04-05 2:20:39 PM.
     1>Project "C:\Users\Carlo Albino\Documents\GitHub\GAME2002-Assignment2\SFML_Assignment2\SFML_Assignment2.vcxproj" on node 2 (Build target(s)).
     1>ClCompile:
         C:\Program Files (x86)\Microsoft Visual Studio 12.0\VC\bin\CL.exe /c /I"C:\Users\Carlo Albino\Documents\GitHub\GAME2002-Assignment2\SFML_Assignment2\\Include\include" /I"C:\Users\Carlo Albino\Documents\GitHub\GAME2002-Assignment2\SFML_Assignment2\\Include" /Zi /nologo /W3 /WX- /Od /Oy- /D WIN32 /D _DEBUG /D _CONSOLE /Gm /EHsc /RTC1 /MDd /GS /fp:precise /Zc:wchar_t /Zc:forScope /Fo"Debug\\" /Fd"Debug\vc120.pdb" /Gd /TP /analyze- /errorReport:prompt source\GameState.cpp source\World.cpp
         World.cpp
     1>source\World.cpp(69): error C2039: 'canMoveToMouse' : is not a member of 'Player'
                 C:\Users\Carlo Albino\Documents\GitHub\GAME2002-Assignment2\SFML_Assignment2\Include\Book/Player.hpp(14) : see declaration of 'Player'
     1>source\World.cpp(85): error C2039: 'setMoveToMouse' : is not a member of 'Player'
                 C:\Users\Carlo Albino\Documents\GitHub\GAME2002-Assignment2\SFML_Assignment2\Include\Book/Player.hpp(14) : see declaration of 'Player'
         GameState.cpp
     1>source\GameState.cpp(11): error C2661: 'World::World' : no overloaded function takes 3 arguments
         Generating Code...
     1>Done Building Project "C:\Users\Carlo Albino\Documents\GitHub\GAME2002-Assignment2\SFML_Assignment2\SFML_Assignment2.vcxproj" (Build target(s)) -- FAILED.

Build FAILED.

Time Elapsed 00:00:03.54
